Start testing: Mar 20 22:26 EDT
----------------------------------------------------------
1/3 Testing: ElevatorTest - getCurrentFloor()
1/3 Test: ElevatorTest - getCurrentFloor()
Command: "/mnt/c/Users/ziadm/CLionProjects/SYSC3303Project/build/tests/unit_tests" "ElevatorTest - getCurrentFloor()"
Directory: /mnt/c/Users/ziadm/CLionProjects/SYSC3303Project/build/tests
"ElevatorTest - getCurrentFloor()" start time: Mar 20 22:26 EDT
Output:
----------------------------------------------------------
Filters: "ElevatorTest - getCurrentFloor()"
Randomness seeded to: 1148117608
===============================================================================
All tests passed (2 assertions in 1 test case)

<end of output>
Test time =   0.17 sec
----------------------------------------------------------
Test Passed.
"ElevatorTest - getCurrentFloor()" end time: Mar 20 22:26 EDT
"ElevatorTest - getCurrentFloor()" time elapsed: 00:00:00
----------------------------------------------------------

2/3 Testing: FloorTest - formatTime(tm datetime)
2/3 Test: FloorTest - formatTime(tm datetime)
Command: "/mnt/c/Users/ziadm/CLionProjects/SYSC3303Project/build/tests/unit_tests" "FloorTest - formatTime(tm datetime)"
Directory: /mnt/c/Users/ziadm/CLionProjects/SYSC3303Project/build/tests
"FloorTest - formatTime(tm datetime)" start time: Mar 20 22:26 EDT
Output:
----------------------------------------------------------
Filters: "FloorTest - formatTime(tm datetime)"
Randomness seeded to: 2992405960
===============================================================================
All tests passed (3 assertions in 1 test case)

<end of output>
Test time =   0.05 sec
----------------------------------------------------------
Test Passed.
"FloorTest - formatTime(tm datetime)" end time: Mar 20 22:26 EDT
"FloorTest - formatTime(tm datetime)" time elapsed: 00:00:00
----------------------------------------------------------

3/3 Testing: Scheduler put() & get()
3/3 Test: Scheduler put() & get()
Command: "/mnt/c/Users/ziadm/CLionProjects/SYSC3303Project/build/tests/unit_tests" "Scheduler put() & get()"
Directory: /mnt/c/Users/ziadm/CLionProjects/SYSC3303Project/build/tests
"Scheduler put() & get()" start time: Mar 20 22:26 EDT
Output:
----------------------------------------------------------
Filters: "Scheduler put() & get()"
Randomness seeded to: 1614267615
===============================================================================
All tests passed (7 assertions in 1 test case)

<end of output>
Test time =   0.04 sec
----------------------------------------------------------
Test Passed.
"Scheduler put() & get()" end time: Mar 20 22:26 EDT
"Scheduler put() & get()" time elapsed: 00:00:00
----------------------------------------------------------

End testing: Mar 20 22:26 EDT
